[debug] [2021-04-18T12:27:29.675Z] ----------------------------------------------------------------------
[debug] [2021-04-18T12:27:29.683Z] Command:       C:\Program Files\nodejs\node.exe C:\Users\admin\AppData\Roaming\npm\node_modules\firebase-tools\lib\bin\firebase.js init
[debug] [2021-04-18T12:27:29.684Z] CLI Version:   9.10.0
[debug] [2021-04-18T12:27:29.684Z] Platform:      win32
[debug] [2021-04-18T12:27:29.685Z] Node Version:  v13.14.0
[debug] [2021-04-18T12:27:29.689Z] Time:          Sun Apr 18 2021 15:27:29 GMT+0300 (Саудовская Аравия, стандартное время)
[debug] [2021-04-18T12:27:29.690Z] ----------------------------------------------------------------------
[debug] 
[debug] [2021-04-18T12:27:29.710Z] >>> [apiv2][query] GET https://firebase-public.firebaseio.com/cli.json [none]
[debug] [2021-04-18T12:27:29.813Z] > command requires scopes: ["email","openid","https://www.googleapis.com/auth/cloudplatformprojects.readonly","https://www.googleapis.com/auth/firebase","https://www.googleapis.com/auth/cloud-platform"]
[debug] [2021-04-18T12:27:29.814Z] > authorizing via signed-in user (whalterwhite23@gmail.com)
[info] 
     ######## #### ########  ######## ########     ###     ######  ########
     ##        ##  ##     ## ##       ##     ##  ##   ##  ##       ##
     ######    ##  ########  ######   ########  #########  ######  ######
     ##        ##  ##    ##  ##       ##     ## ##     ##       ## ##
     ##       #### ##     ## ######## ########  ##     ##  ######  ########

You're about to initialize a Firebase project in this directory:

  D:\DEV\react_js\clones_on_react\whats-app-clone

[debug] [2021-04-18T12:27:32.426Z] <<< [apiv2][status] GET https://firebase-public.firebaseio.com/cli.json 200
[debug] [2021-04-18T12:27:32.427Z] <<< [apiv2][body] GET https://firebase-public.firebaseio.com/cli.json {"cloudBuildErrorAfter":1594252800000,"cloudBuildWarnAfter":1590019200000,"defaultNode10After":1594252800000,"minVersion":"3.0.5","node8DeploysDisabledAfter":1613390400000,"node8RuntimeDisabledAfter":1615809600000,"node8WarnAfter":1600128000000}
